<?xml version="1.0" encoding="UTF-8"?>
<!-- Generated by org.testng.reporters.JUnitXMLReporter -->
<testsuite hostname="Amarendra" name="PatientAppoitnment" tests="21" failures="1" timestamp="14 Oct 2020 14:49:13 GMT" time="73.264" errors="0">
  <testcase name="verifythePatientDashboard" time="5.444" classname="com.heyprescribe.testcase.PatientAppoitnmentTest"/>
  <testcase name="verifyPatientIsAbleToBookTheAppoitnment" time="12.753" classname="com.heyprescribe.testcase.PatientAppoitnmentTest"/>
  <testcase name="verifyThePatientInformationOnAppoitnmentConfirmationPage" time="0.067" classname="com.heyprescribe.testcase.PatientAppoitnmentTest"/>
  <testcase name="verifyTheDoctorNameOnAppoitnmentConfirmationpage" time="0.004" classname="com.heyprescribe.testcase.PatientAppoitnmentTest"/>
  <testcase name="verifyTheDateAndSlotOnAppointmentConfirmationPage" time="0.003" classname="com.heyprescribe.testcase.PatientAppoitnmentTest"/>
  <testcase name="verifyTheVideoLinkOnAppointmentConfirmationPage" time="0.034" classname="com.heyprescribe.testcase.PatientAppoitnmentTest"/>
  <testcase name="verifyTheUploadedFileOnAppointmentConfirmationPage" time="0.001" classname="com.heyprescribe.testcase.PatientAppoitnmentTest"/>
  <testcase name="verifyTheSucesMsgAfterUploadingTheFile" time="0.001" classname="com.heyprescribe.testcase.PatientAppoitnmentTest"/>
  <testcase name="verifyTheEmailConfirmationOnGmail" time="11.216" classname="com.heyprescribe.testcase.PatientAppoitnmentTest"/>
  <testcase name="verifyThePrescribeLogin" time="33.845" classname="com.heyprescribe.testcase.PatientAppoitnmentTest">
    <failure type="org.openqa.selenium.TimeoutException" message="Expected condition failed: waiting for visibility of element located by By.cssSelector: a[href=&amp;apos;/&amp;apos;] (tried for 20 second(s) with 500 milliseconds interval)">
      <![CDATA[org.openqa.selenium.TimeoutException: Expected condition failed: waiting for visibility of element located by By.cssSelector: a[href='/'] (tried for 20 second(s) with 500 milliseconds interval)
	at org.openqa.selenium.support.ui.WebDriverWait.timeoutException(WebDriverWait.java:95)
	at org.openqa.selenium.support.ui.FluentWait.until(FluentWait.java:272)
	at com.heyprescribe.utill.WebDriverExtension.waitForElementVisible(WebDriverExtension.java:26)
	at com.heyprescribe.page.AllAppointments.checkAllAppointmentLink(AllAppointments.java:30)
	at com.heyprescribe.testcase.PatientAppoitnmentTest.verifyThePrescribeLogin(PatientAppoitnmentTest.java:159)
	at java.util.concurrent.FutureTask.run(FutureTask.java:266)
	at java.util.concurrent.ThreadPoolExecutor.runWorker(ThreadPoolExecutor.java:1142)
	at java.util.concurrent.ThreadPoolExecutor$Worker.run(ThreadPoolExecutor.java:617)
	at java.lang.Thread.run(Thread.java:745)
Caused by: org.openqa.selenium.NoSuchElementException: no such element: Unable to locate element: {"method":"css selector","selector":"a[href='/']"}
  (Session info: chrome=86.0.4240.75)
For documentation on this error, please visit: https://www.seleniumhq.org/exceptions/no_such_element.html
Build info: version: '3.141.59', revision: 'e82be7d358', time: '2018-11-14T08:17:03'
System info: host: 'AMARENDRA', ip: '192.168.144.6', os.name: 'Windows 10', os.arch: 'amd64', os.version: '10.0', java.version: '1.8.0_121'
Driver info: org.openqa.selenium.chrome.ChromeDriver
Capabilities {acceptInsecureCerts: false, browserName: chrome, browserVersion: 86.0.4240.75, chrome: {chromedriverVersion: 86.0.4240.22 (398b0743353ff..., userDataDir: C:\Users\amarendra.singh\Ap...}, goog:chromeOptions: {debuggerAddress: localhost:55835}, javascriptEnabled: true, networkConnectionEnabled: false, pageLoadStrategy: normal, platform: WINDOWS, platformName: WINDOWS, proxy: Proxy(), setWindowRect: true, strictFileInteractability: false, timeouts: {implicit: 0, pageLoad: 300000, script: 30000}, unhandledPromptBehavior: dismiss and notify, webauthn:virtualAuthenticators: true}
Session ID: 7ecdb03e22222f60e253a64aa69b4037
*** Element info: {Using=css selector, value=a[href='/']}
	at org.openqa.selenium.remote.http.W3CHttpResponseCodec.createException(W3CHttpResponseCodec.java:187)
	at org.openqa.selenium.remote.http.W3CHttpResponseCodec.decode(W3CHttpResponseCodec.java:122)
	at org.openqa.selenium.remote.http.W3CHttpResponseCodec.decode(W3CHttpResponseCodec.java:49)
	at org.openqa.selenium.remote.HttpCommandExecutor.execute(HttpCommandExecutor.java:158)
	at org.openqa.selenium.remote.service.DriverCommandExecutor.execute(DriverCommandExecutor.java:83)
	at org.openqa.selenium.remote.RemoteWebDriver.execute(RemoteWebDriver.java:552)
	at org.openqa.selenium.remote.RemoteWebDriver.findElement(RemoteWebDriver.java:323)
	at org.openqa.selenium.remote.RemoteWebDriver.findElementByCssSelector(RemoteWebDriver.java:420)
	at org.openqa.selenium.By$ByCssSelector.findElement(By.java:431)
	at org.openqa.selenium.remote.RemoteWebDriver.findElement(RemoteWebDriver.java:315)
	at org.openqa.selenium.support.ui.ExpectedConditions$7.apply(ExpectedConditions.java:205)
	at org.openqa.selenium.support.ui.ExpectedConditions$7.apply(ExpectedConditions.java:201)
	at org.openqa.selenium.support.ui.FluentWait.until(FluentWait.java:249)
	... 23 more
... Removed 19 stack frames]]>
    </failure>
  </testcase> <!-- verifyThePrescribeLogin -->
  <testcase name="verifyThePatientAppointmenOnAllAppointmenPage" time="0.0" classname="com.heyprescribe.testcase.PatientAppoitnmentTest">
    <skipped/>
  </testcase> <!-- verifyThePatientAppointmenOnAllAppointmenPage -->
  <testcase name="verifyTheConnectToVideoPopUpOnPrescribePage" time="0.0" classname="com.heyprescribe.testcase.PatientAppoitnmentTest">
    <skipped/>
  </testcase> <!-- verifyTheConnectToVideoPopUpOnPrescribePage -->
  <testcase name="verifyThePatientDetailOnPrescribePage" time="0.0" classname="com.heyprescribe.testcase.PatientAppoitnmentTest">
    <skipped/>
  </testcase> <!-- verifyThePatientDetailOnPrescribePage -->
  <testcase name="verifyThePatientUploadedPrescriptionFile" time="0.0" classname="com.heyprescribe.testcase.PatientAppoitnmentTest">
    <skipped/>
  </testcase> <!-- verifyThePatientUploadedPrescriptionFile -->
  <testcase name="saveThePhysicianPrescription" time="0.0" classname="com.heyprescribe.testcase.PatientAppoitnmentTest">
    <skipped/>
  </testcase> <!-- saveThePhysicianPrescription -->
  <testcase name="verifyThePrescriptionReport" time="0.0" classname="com.heyprescribe.testcase.PatientAppoitnmentTest">
    <skipped/>
  </testcase> <!-- verifyThePrescriptionReport -->
  <testcase name="verifyTheGeneratePrescriptionReportFunctionality" time="0.0" classname="com.heyprescribe.testcase.PatientAppoitnmentTest">
    <skipped/>
  </testcase> <!-- verifyTheGeneratePrescriptionReportFunctionality -->
  <testcase name="verifyThePrescriptionReportDownloadLink" time="0.0" classname="com.heyprescribe.testcase.PatientAppoitnmentTest">
    <skipped/>
  </testcase> <!-- verifyThePrescriptionReportDownloadLink -->
  <testcase name="verifyThePatientDetailOnPdfFile" time="0.0" classname="com.heyprescribe.testcase.PatientAppoitnmentTest">
    <skipped/>
  </testcase> <!-- verifyThePatientDetailOnPdfFile -->
  <testcase name="verifyThePrescriptionDetailOnPdfFile" time="0.0" classname="com.heyprescribe.testcase.PatientAppoitnmentTest">
    <skipped/>
  </testcase> <!-- verifyThePrescriptionDetailOnPdfFile -->
  <testcase name="verifyTheStatusAfterGeneratingThePrescription" time="0.0" classname="com.heyprescribe.testcase.PatientAppoitnmentTest">
    <skipped/>
  </testcase> <!-- verifyTheStatusAfterGeneratingThePrescription -->
</testsuite> <!-- PatientAppoitnment -->
