<?xml version="1.0" encoding="UTF-8"?>
<testng-results skipped="11" failed="1" total="21" passed="9">
  <reporter-output>
  </reporter-output>
  <suite name="Prescribe" duration-ms="73264" started-at="2020-10-14T14:48:00Z" finished-at="2020-10-14T14:49:13Z">
    <groups>
    </groups>
    <test name="PatientAppoitnment" duration-ms="73264" started-at="2020-10-14T14:48:00Z" finished-at="2020-10-14T14:49:13Z">
      <class name="com.heyprescribe.testcase.PatientAppoitnmentTest">
        <test-method status="PASS" signature="beforeTest(java.lang.String)[pri:0, instance:com.heyprescribe.testcase.PatientAppoitnmentTest@17211155]" name="beforeTest" is-config="true" duration-ms="7533" started-at="2020-10-14T20:18:00Z" finished-at="2020-10-14T20:18:07Z">
          <params>
            <param index="0">
              <value>
                <![CDATA[chrome]]>
              </value>
            </param>
          </params>
          <reporter-output>
          </reporter-output>
        </test-method> <!-- beforeTest -->
        <test-method status="PASS" signature="verifythePatientDashboard()[pri:1, instance:com.heyprescribe.testcase.PatientAppoitnmentTest@17211155]" name="verifythePatientDashboard" duration-ms="5444" started-at="2020-10-14T20:18:07Z" finished-at="2020-10-14T20:18:13Z">
          <reporter-output>
          </reporter-output>
        </test-method> <!-- verifythePatientDashboard -->
        <test-method status="PASS" signature="verifyPatientIsAbleToBookTheAppoitnment()[pri:2, instance:com.heyprescribe.testcase.PatientAppoitnmentTest@17211155]" name="verifyPatientIsAbleToBookTheAppoitnment" duration-ms="12753" started-at="2020-10-14T20:18:13Z" depends-on-methods="com.heyprescribe.testcase.PatientAppoitnmentTest.verifythePatientDashboard" finished-at="2020-10-14T20:18:26Z">
          <reporter-output>
          </reporter-output>
        </test-method> <!-- verifyPatientIsAbleToBookTheAppoitnment -->
        <test-method status="PASS" signature="verifyThePatientInformationOnAppoitnmentConfirmationPage()[pri:3, instance:com.heyprescribe.testcase.PatientAppoitnmentTest@17211155]" name="verifyThePatientInformationOnAppoitnmentConfirmationPage" duration-ms="67" started-at="2020-10-14T20:18:26Z" depends-on-methods="com.heyprescribe.testcase.PatientAppoitnmentTest.verifyPatientIsAbleToBookTheAppoitnment" finished-at="2020-10-14T20:18:26Z">
          <reporter-output>
          </reporter-output>
        </test-method> <!-- verifyThePatientInformationOnAppoitnmentConfirmationPage -->
        <test-method status="PASS" signature="verifyTheDoctorNameOnAppoitnmentConfirmationpage()[pri:4, instance:com.heyprescribe.testcase.PatientAppoitnmentTest@17211155]" name="verifyTheDoctorNameOnAppoitnmentConfirmationpage" duration-ms="4" started-at="2020-10-14T20:18:26Z" depends-on-methods="com.heyprescribe.testcase.PatientAppoitnmentTest.verifyThePatientInformationOnAppoitnmentConfirmationPage" finished-at="2020-10-14T20:18:26Z">
          <reporter-output>
          </reporter-output>
        </test-method> <!-- verifyTheDoctorNameOnAppoitnmentConfirmationpage -->
        <test-method status="PASS" signature="verifyTheDateAndSlotOnAppointmentConfirmationPage()[pri:5, instance:com.heyprescribe.testcase.PatientAppoitnmentTest@17211155]" name="verifyTheDateAndSlotOnAppointmentConfirmationPage" duration-ms="3" started-at="2020-10-14T20:18:26Z" depends-on-methods="com.heyprescribe.testcase.PatientAppoitnmentTest.verifyTheDoctorNameOnAppoitnmentConfirmationpage" finished-at="2020-10-14T20:18:26Z">
          <reporter-output>
          </reporter-output>
        </test-method> <!-- verifyTheDateAndSlotOnAppointmentConfirmationPage -->
        <test-method status="PASS" signature="verifyTheVideoLinkOnAppointmentConfirmationPage()[pri:6, instance:com.heyprescribe.testcase.PatientAppoitnmentTest@17211155]" name="verifyTheVideoLinkOnAppointmentConfirmationPage" duration-ms="34" started-at="2020-10-14T20:18:26Z" depends-on-methods="com.heyprescribe.testcase.PatientAppoitnmentTest.verifyTheDateAndSlotOnAppointmentConfirmationPage" finished-at="2020-10-14T20:18:26Z">
          <reporter-output>
          </reporter-output>
        </test-method> <!-- verifyTheVideoLinkOnAppointmentConfirmationPage -->
        <test-method status="PASS" signature="verifyTheUploadedFileOnAppointmentConfirmationPage()[pri:7, instance:com.heyprescribe.testcase.PatientAppoitnmentTest@17211155]" name="verifyTheUploadedFileOnAppointmentConfirmationPage" duration-ms="1" started-at="2020-10-14T20:18:26Z" depends-on-methods="com.heyprescribe.testcase.PatientAppoitnmentTest.verifyTheVideoLinkOnAppointmentConfirmationPage" finished-at="2020-10-14T20:18:26Z">
          <reporter-output>
          </reporter-output>
        </test-method> <!-- verifyTheUploadedFileOnAppointmentConfirmationPage -->
        <test-method status="PASS" signature="verifyTheSucesMsgAfterUploadingTheFile()[pri:8, instance:com.heyprescribe.testcase.PatientAppoitnmentTest@17211155]" name="verifyTheSucesMsgAfterUploadingTheFile" duration-ms="1" started-at="2020-10-14T20:18:26Z" depends-on-methods="com.heyprescribe.testcase.PatientAppoitnmentTest.verifyTheUploadedFileOnAppointmentConfirmationPage" finished-at="2020-10-14T20:18:26Z">
          <reporter-output>
          </reporter-output>
        </test-method> <!-- verifyTheSucesMsgAfterUploadingTheFile -->
        <test-method status="PASS" signature="verifyTheEmailConfirmationOnGmail()[pri:9, instance:com.heyprescribe.testcase.PatientAppoitnmentTest@17211155]" name="verifyTheEmailConfirmationOnGmail" duration-ms="11216" started-at="2020-10-14T20:18:27Z" depends-on-methods="com.heyprescribe.testcase.PatientAppoitnmentTest.verifyTheSucesMsgAfterUploadingTheFile" finished-at="2020-10-14T20:18:38Z">
          <reporter-output>
          </reporter-output>
        </test-method> <!-- verifyTheEmailConfirmationOnGmail -->
        <test-method status="FAIL" signature="verifyThePrescribeLogin()[pri:10, instance:com.heyprescribe.testcase.PatientAppoitnmentTest@17211155]" name="verifyThePrescribeLogin" duration-ms="33845" started-at="2020-10-14T20:18:38Z" depends-on-methods="com.heyprescribe.testcase.PatientAppoitnmentTest.verifyTheEmailConfirmationOnGmail" finished-at="2020-10-14T20:19:12Z">
          <exception class="org.openqa.selenium.TimeoutException">
            <message>
              <![CDATA[Expected condition failed: waiting for visibility of element located by By.cssSelector: a[href='/'] (tried for 20 second(s) with 500 milliseconds interval)]]>
            </message>
            <full-stacktrace>
              <![CDATA[org.openqa.selenium.TimeoutException: Expected condition failed: waiting for visibility of element located by By.cssSelector: a[href='/'] (tried for 20 second(s) with 500 milliseconds interval)
	at org.openqa.selenium.support.ui.WebDriverWait.timeoutException(WebDriverWait.java:95)
	at org.openqa.selenium.support.ui.FluentWait.until(FluentWait.java:272)
	at com.heyprescribe.utill.WebDriverExtension.waitForElementVisible(WebDriverExtension.java:26)
	at com.heyprescribe.page.AllAppointments.checkAllAppointmentLink(AllAppointments.java:30)
	at com.heyprescribe.testcase.PatientAppoitnmentTest.verifyThePrescribeLogin(PatientAppoitnmentTest.java:159)
	at sun.reflect.NativeMethodAccessorImpl.invoke0(Native Method)
	at sun.reflect.NativeMethodAccessorImpl.invoke(NativeMethodAccessorImpl.java:62)
	at sun.reflect.DelegatingMethodAccessorImpl.invoke(DelegatingMethodAccessorImpl.java:43)
	at java.lang.reflect.Method.invoke(Method.java:498)
	at org.testng.internal.MethodInvocationHelper.invokeMethod(MethodInvocationHelper.java:85)
	at org.testng.internal.Invoker.invokeMethod(Invoker.java:639)
	at org.testng.internal.Invoker.invokeTestMethod(Invoker.java:816)
	at org.testng.internal.Invoker.invokeTestMethods(Invoker.java:1124)
	at org.testng.internal.TestMethodWorker.invokeTestMethods(TestMethodWorker.java:125)
	at org.testng.internal.TestMethodWorker.run(TestMethodWorker.java:108)
	at org.testng.TestRunner.privateRun(TestRunner.java:774)
	at org.testng.TestRunner.run(TestRunner.java:624)
	at org.testng.SuiteRunner.runTest(SuiteRunner.java:359)
	at org.testng.SuiteRunner.access$000(SuiteRunner.java:39)
	at org.testng.SuiteRunner$SuiteWorker.run(SuiteRunner.java:393)
	at org.testng.internal.thread.ThreadUtil$2.call(ThreadUtil.java:64)
	at java.util.concurrent.FutureTask.run(FutureTask.java:266)
	at java.util.concurrent.ThreadPoolExecutor.runWorker(ThreadPoolExecutor.java:1142)
	at java.util.concurrent.ThreadPoolExecutor$Worker.run(ThreadPoolExecutor.java:617)
	at java.lang.Thread.run(Thread.java:745)
Caused by: org.openqa.selenium.NoSuchElementException: no such element: Unable to locate element: {"method":"css selector","selector":"a[href='/']"}
  (Session info: chrome=86.0.4240.75)
For documentation on this error, please visit: https://www.seleniumhq.org/exceptions/no_such_element.html
Build info: version: '3.141.59', revision: 'e82be7d358', time: '2018-11-14T08:17:03'
System info: host: 'AMARENDRA', ip: '192.168.144.6', os.name: 'Windows 10', os.arch: 'amd64', os.version: '10.0', java.version: '1.8.0_121'
Driver info: org.openqa.selenium.chrome.ChromeDriver
Capabilities {acceptInsecureCerts: false, browserName: chrome, browserVersion: 86.0.4240.75, chrome: {chromedriverVersion: 86.0.4240.22 (398b0743353ff..., userDataDir: C:\Users\amarendra.singh\Ap...}, goog:chromeOptions: {debuggerAddress: localhost:55835}, javascriptEnabled: true, networkConnectionEnabled: false, pageLoadStrategy: normal, platform: WINDOWS, platformName: WINDOWS, proxy: Proxy(), setWindowRect: true, strictFileInteractability: false, timeouts: {implicit: 0, pageLoad: 300000, script: 30000}, unhandledPromptBehavior: dismiss and notify, webauthn:virtualAuthenticators: true}
Session ID: 7ecdb03e22222f60e253a64aa69b4037
*** Element info: {Using=css selector, value=a[href='/']}
	at sun.reflect.GeneratedConstructorAccessor14.newInstance(Unknown Source)
	at sun.reflect.DelegatingConstructorAccessorImpl.newInstance(DelegatingConstructorAccessorImpl.java:45)
	at java.lang.reflect.Constructor.newInstance(Constructor.java:423)
	at org.openqa.selenium.remote.http.W3CHttpResponseCodec.createException(W3CHttpResponseCodec.java:187)
	at org.openqa.selenium.remote.http.W3CHttpResponseCodec.decode(W3CHttpResponseCodec.java:122)
	at org.openqa.selenium.remote.http.W3CHttpResponseCodec.decode(W3CHttpResponseCodec.java:49)
	at org.openqa.selenium.remote.HttpCommandExecutor.execute(HttpCommandExecutor.java:158)
	at org.openqa.selenium.remote.service.DriverCommandExecutor.execute(DriverCommandExecutor.java:83)
	at org.openqa.selenium.remote.RemoteWebDriver.execute(RemoteWebDriver.java:552)
	at org.openqa.selenium.remote.RemoteWebDriver.findElement(RemoteWebDriver.java:323)
	at org.openqa.selenium.remote.RemoteWebDriver.findElementByCssSelector(RemoteWebDriver.java:420)
	at org.openqa.selenium.By$ByCssSelector.findElement(By.java:431)
	at org.openqa.selenium.remote.RemoteWebDriver.findElement(RemoteWebDriver.java:315)
	at org.openqa.selenium.support.ui.ExpectedConditions$7.apply(ExpectedConditions.java:205)
	at org.openqa.selenium.support.ui.ExpectedConditions$7.apply(ExpectedConditions.java:201)
	at org.openqa.selenium.support.ui.FluentWait.until(FluentWait.java:249)
	... 23 more
]]>
            </full-stacktrace>
          </exception> <!-- org.openqa.selenium.TimeoutException -->
          <reporter-output>
          </reporter-output>
        </test-method> <!-- verifyThePrescribeLogin -->
        <test-method status="SKIP" signature="verifyThePatientAppointmenOnAllAppointmenPage()[pri:11, instance:com.heyprescribe.testcase.PatientAppoitnmentTest@17211155]" name="verifyThePatientAppointmenOnAllAppointmenPage" duration-ms="0" started-at="2020-10-14T20:19:12Z" depends-on-methods="com.heyprescribe.testcase.PatientAppoitnmentTest.verifyThePrescribeLogin" finished-at="2020-10-14T20:19:12Z">
          <exception class="java.lang.Throwable">
            <message>
              <![CDATA[Method PatientAppoitnmentTest.verifyThePatientAppointmenOnAllAppointmenPage()[pri:11, instance:com.heyprescribe.testcase.PatientAppoitnmentTest@17211155] depends on not successfully finished methods]]>
            </message>
            <full-stacktrace>
              <![CDATA[java.lang.Throwable: Method PatientAppoitnmentTest.verifyThePatientAppointmenOnAllAppointmenPage()[pri:11, instance:com.heyprescribe.testcase.PatientAppoitnmentTest@17211155] depends on not successfully finished methods
	at org.testng.internal.Invoker.invokeTestMethods(Invoker.java:1033)
	at org.testng.internal.TestMethodWorker.invokeTestMethods(TestMethodWorker.java:125)
	at org.testng.internal.TestMethodWorker.run(TestMethodWorker.java:108)
	at org.testng.TestRunner.privateRun(TestRunner.java:774)
	at org.testng.TestRunner.run(TestRunner.java:624)
	at org.testng.SuiteRunner.runTest(SuiteRunner.java:359)
	at org.testng.SuiteRunner.access$000(SuiteRunner.java:39)
	at org.testng.SuiteRunner$SuiteWorker.run(SuiteRunner.java:393)
	at org.testng.internal.thread.ThreadUtil$2.call(ThreadUtil.java:64)
	at java.util.concurrent.FutureTask.run(FutureTask.java:266)
	at java.util.concurrent.ThreadPoolExecutor.runWorker(ThreadPoolExecutor.java:1142)
	at java.util.concurrent.ThreadPoolExecutor$Worker.run(ThreadPoolExecutor.java:617)
	at java.lang.Thread.run(Thread.java:745)
]]>
            </full-stacktrace>
          </exception> <!-- java.lang.Throwable -->
          <reporter-output>
          </reporter-output>
        </test-method> <!-- verifyThePatientAppointmenOnAllAppointmenPage -->
        <test-method status="SKIP" signature="verifyTheConnectToVideoPopUpOnPrescribePage()[pri:12, instance:com.heyprescribe.testcase.PatientAppoitnmentTest@17211155]" name="verifyTheConnectToVideoPopUpOnPrescribePage" duration-ms="0" started-at="2020-10-14T20:19:12Z" depends-on-methods="com.heyprescribe.testcase.PatientAppoitnmentTest.verifyThePatientAppointmenOnAllAppointmenPage" finished-at="2020-10-14T20:19:12Z">
          <exception class="java.lang.Throwable">
            <message>
              <![CDATA[Method PatientAppoitnmentTest.verifyTheConnectToVideoPopUpOnPrescribePage()[pri:12, instance:com.heyprescribe.testcase.PatientAppoitnmentTest@17211155] depends on not successfully finished methods]]>
            </message>
            <full-stacktrace>
              <![CDATA[java.lang.Throwable: Method PatientAppoitnmentTest.verifyTheConnectToVideoPopUpOnPrescribePage()[pri:12, instance:com.heyprescribe.testcase.PatientAppoitnmentTest@17211155] depends on not successfully finished methods
	at org.testng.internal.Invoker.invokeTestMethods(Invoker.java:1033)
	at org.testng.internal.TestMethodWorker.invokeTestMethods(TestMethodWorker.java:125)
	at org.testng.internal.TestMethodWorker.run(TestMethodWorker.java:108)
	at org.testng.TestRunner.privateRun(TestRunner.java:774)
	at org.testng.TestRunner.run(TestRunner.java:624)
	at org.testng.SuiteRunner.runTest(SuiteRunner.java:359)
	at org.testng.SuiteRunner.access$000(SuiteRunner.java:39)
	at org.testng.SuiteRunner$SuiteWorker.run(SuiteRunner.java:393)
	at org.testng.internal.thread.ThreadUtil$2.call(ThreadUtil.java:64)
	at java.util.concurrent.FutureTask.run(FutureTask.java:266)
	at java.util.concurrent.ThreadPoolExecutor.runWorker(ThreadPoolExecutor.java:1142)
	at java.util.concurrent.ThreadPoolExecutor$Worker.run(ThreadPoolExecutor.java:617)
	at java.lang.Thread.run(Thread.java:745)
]]>
            </full-stacktrace>
          </exception> <!-- java.lang.Throwable -->
          <reporter-output>
          </reporter-output>
        </test-method> <!-- verifyTheConnectToVideoPopUpOnPrescribePage -->
        <test-method status="SKIP" signature="verifyThePatientDetailOnPrescribePage()[pri:13, instance:com.heyprescribe.testcase.PatientAppoitnmentTest@17211155]" name="verifyThePatientDetailOnPrescribePage" duration-ms="0" started-at="2020-10-14T20:19:12Z" depends-on-methods="com.heyprescribe.testcase.PatientAppoitnmentTest.verifyTheConnectToVideoPopUpOnPrescribePage" finished-at="2020-10-14T20:19:12Z">
          <exception class="java.lang.Throwable">
            <message>
              <![CDATA[Method PatientAppoitnmentTest.verifyThePatientDetailOnPrescribePage()[pri:13, instance:com.heyprescribe.testcase.PatientAppoitnmentTest@17211155] depends on not successfully finished methods]]>
            </message>
            <full-stacktrace>
              <![CDATA[java.lang.Throwable: Method PatientAppoitnmentTest.verifyThePatientDetailOnPrescribePage()[pri:13, instance:com.heyprescribe.testcase.PatientAppoitnmentTest@17211155] depends on not successfully finished methods
	at org.testng.internal.Invoker.invokeTestMethods(Invoker.java:1033)
	at org.testng.internal.TestMethodWorker.invokeTestMethods(TestMethodWorker.java:125)
	at org.testng.internal.TestMethodWorker.run(TestMethodWorker.java:108)
	at org.testng.TestRunner.privateRun(TestRunner.java:774)
	at org.testng.TestRunner.run(TestRunner.java:624)
	at org.testng.SuiteRunner.runTest(SuiteRunner.java:359)
	at org.testng.SuiteRunner.access$000(SuiteRunner.java:39)
	at org.testng.SuiteRunner$SuiteWorker.run(SuiteRunner.java:393)
	at org.testng.internal.thread.ThreadUtil$2.call(ThreadUtil.java:64)
	at java.util.concurrent.FutureTask.run(FutureTask.java:266)
	at java.util.concurrent.ThreadPoolExecutor.runWorker(ThreadPoolExecutor.java:1142)
	at java.util.concurrent.ThreadPoolExecutor$Worker.run(ThreadPoolExecutor.java:617)
	at java.lang.Thread.run(Thread.java:745)
]]>
            </full-stacktrace>
          </exception> <!-- java.lang.Throwable -->
          <reporter-output>
          </reporter-output>
        </test-method> <!-- verifyThePatientDetailOnPrescribePage -->
        <test-method status="SKIP" signature="verifyThePatientUploadedPrescriptionFile()[pri:14, instance:com.heyprescribe.testcase.PatientAppoitnmentTest@17211155]" name="verifyThePatientUploadedPrescriptionFile" duration-ms="0" started-at="2020-10-14T20:19:13Z" depends-on-methods="com.heyprescribe.testcase.PatientAppoitnmentTest.verifyThePatientDetailOnPrescribePage" finished-at="2020-10-14T20:19:13Z">
          <exception class="java.lang.Throwable">
            <message>
              <![CDATA[Method PatientAppoitnmentTest.verifyThePatientUploadedPrescriptionFile()[pri:14, instance:com.heyprescribe.testcase.PatientAppoitnmentTest@17211155] depends on not successfully finished methods]]>
            </message>
            <full-stacktrace>
              <![CDATA[java.lang.Throwable: Method PatientAppoitnmentTest.verifyThePatientUploadedPrescriptionFile()[pri:14, instance:com.heyprescribe.testcase.PatientAppoitnmentTest@17211155] depends on not successfully finished methods
	at org.testng.internal.Invoker.invokeTestMethods(Invoker.java:1033)
	at org.testng.internal.TestMethodWorker.invokeTestMethods(TestMethodWorker.java:125)
	at org.testng.internal.TestMethodWorker.run(TestMethodWorker.java:108)
	at org.testng.TestRunner.privateRun(TestRunner.java:774)
	at org.testng.TestRunner.run(TestRunner.java:624)
	at org.testng.SuiteRunner.runTest(SuiteRunner.java:359)
	at org.testng.SuiteRunner.access$000(SuiteRunner.java:39)
	at org.testng.SuiteRunner$SuiteWorker.run(SuiteRunner.java:393)
	at org.testng.internal.thread.ThreadUtil$2.call(ThreadUtil.java:64)
	at java.util.concurrent.FutureTask.run(FutureTask.java:266)
	at java.util.concurrent.ThreadPoolExecutor.runWorker(ThreadPoolExecutor.java:1142)
	at java.util.concurrent.ThreadPoolExecutor$Worker.run(ThreadPoolExecutor.java:617)
	at java.lang.Thread.run(Thread.java:745)
]]>
            </full-stacktrace>
          </exception> <!-- java.lang.Throwable -->
          <reporter-output>
          </reporter-output>
        </test-method> <!-- verifyThePatientUploadedPrescriptionFile -->
        <test-method status="SKIP" signature="saveThePhysicianPrescription()[pri:15, instance:com.heyprescribe.testcase.PatientAppoitnmentTest@17211155]" name="saveThePhysicianPrescription" duration-ms="0" started-at="2020-10-14T20:19:13Z" depends-on-methods="com.heyprescribe.testcase.PatientAppoitnmentTest.verifyThePatientUploadedPrescriptionFile" finished-at="2020-10-14T20:19:13Z">
          <exception class="java.lang.Throwable">
            <message>
              <![CDATA[Method PatientAppoitnmentTest.saveThePhysicianPrescription()[pri:15, instance:com.heyprescribe.testcase.PatientAppoitnmentTest@17211155] depends on not successfully finished methods]]>
            </message>
            <full-stacktrace>
              <![CDATA[java.lang.Throwable: Method PatientAppoitnmentTest.saveThePhysicianPrescription()[pri:15, instance:com.heyprescribe.testcase.PatientAppoitnmentTest@17211155] depends on not successfully finished methods
	at org.testng.internal.Invoker.invokeTestMethods(Invoker.java:1033)
	at org.testng.internal.TestMethodWorker.invokeTestMethods(TestMethodWorker.java:125)
	at org.testng.internal.TestMethodWorker.run(TestMethodWorker.java:108)
	at org.testng.TestRunner.privateRun(TestRunner.java:774)
	at org.testng.TestRunner.run(TestRunner.java:624)
	at org.testng.SuiteRunner.runTest(SuiteRunner.java:359)
	at org.testng.SuiteRunner.access$000(SuiteRunner.java:39)
	at org.testng.SuiteRunner$SuiteWorker.run(SuiteRunner.java:393)
	at org.testng.internal.thread.ThreadUtil$2.call(ThreadUtil.java:64)
	at java.util.concurrent.FutureTask.run(FutureTask.java:266)
	at java.util.concurrent.ThreadPoolExecutor.runWorker(ThreadPoolExecutor.java:1142)
	at java.util.concurrent.ThreadPoolExecutor$Worker.run(ThreadPoolExecutor.java:617)
	at java.lang.Thread.run(Thread.java:745)
]]>
            </full-stacktrace>
          </exception> <!-- java.lang.Throwable -->
          <reporter-output>
          </reporter-output>
        </test-method> <!-- saveThePhysicianPrescription -->
        <test-method status="SKIP" signature="verifyThePrescriptionReport()[pri:16, instance:com.heyprescribe.testcase.PatientAppoitnmentTest@17211155]" name="verifyThePrescriptionReport" duration-ms="0" started-at="2020-10-14T20:19:13Z" depends-on-methods="com.heyprescribe.testcase.PatientAppoitnmentTest.saveThePhysicianPrescription" finished-at="2020-10-14T20:19:13Z">
          <exception class="java.lang.Throwable">
            <message>
              <![CDATA[Method PatientAppoitnmentTest.verifyThePrescriptionReport()[pri:16, instance:com.heyprescribe.testcase.PatientAppoitnmentTest@17211155] depends on not successfully finished methods]]>
            </message>
            <full-stacktrace>
              <![CDATA[java.lang.Throwable: Method PatientAppoitnmentTest.verifyThePrescriptionReport()[pri:16, instance:com.heyprescribe.testcase.PatientAppoitnmentTest@17211155] depends on not successfully finished methods
	at org.testng.internal.Invoker.invokeTestMethods(Invoker.java:1033)
	at org.testng.internal.TestMethodWorker.invokeTestMethods(TestMethodWorker.java:125)
	at org.testng.internal.TestMethodWorker.run(TestMethodWorker.java:108)
	at org.testng.TestRunner.privateRun(TestRunner.java:774)
	at org.testng.TestRunner.run(TestRunner.java:624)
	at org.testng.SuiteRunner.runTest(SuiteRunner.java:359)
	at org.testng.SuiteRunner.access$000(SuiteRunner.java:39)
	at org.testng.SuiteRunner$SuiteWorker.run(SuiteRunner.java:393)
	at org.testng.internal.thread.ThreadUtil$2.call(ThreadUtil.java:64)
	at java.util.concurrent.FutureTask.run(FutureTask.java:266)
	at java.util.concurrent.ThreadPoolExecutor.runWorker(ThreadPoolExecutor.java:1142)
	at java.util.concurrent.ThreadPoolExecutor$Worker.run(ThreadPoolExecutor.java:617)
	at java.lang.Thread.run(Thread.java:745)
]]>
            </full-stacktrace>
          </exception> <!-- java.lang.Throwable -->
          <reporter-output>
          </reporter-output>
        </test-method> <!-- verifyThePrescriptionReport -->
        <test-method status="SKIP" signature="verifyTheGeneratePrescriptionReportFunctionality()[pri:17, instance:com.heyprescribe.testcase.PatientAppoitnmentTest@17211155]" name="verifyTheGeneratePrescriptionReportFunctionality" duration-ms="0" started-at="2020-10-14T20:19:13Z" depends-on-methods="com.heyprescribe.testcase.PatientAppoitnmentTest.verifyThePrescriptionReport" finished-at="2020-10-14T20:19:13Z">
          <exception class="java.lang.Throwable">
            <message>
              <![CDATA[Method PatientAppoitnmentTest.verifyTheGeneratePrescriptionReportFunctionality()[pri:17, instance:com.heyprescribe.testcase.PatientAppoitnmentTest@17211155] depends on not successfully finished methods]]>
            </message>
            <full-stacktrace>
              <![CDATA[java.lang.Throwable: Method PatientAppoitnmentTest.verifyTheGeneratePrescriptionReportFunctionality()[pri:17, instance:com.heyprescribe.testcase.PatientAppoitnmentTest@17211155] depends on not successfully finished methods
	at org.testng.internal.Invoker.invokeTestMethods(Invoker.java:1033)
	at org.testng.internal.TestMethodWorker.invokeTestMethods(TestMethodWorker.java:125)
	at org.testng.internal.TestMethodWorker.run(TestMethodWorker.java:108)
	at org.testng.TestRunner.privateRun(TestRunner.java:774)
	at org.testng.TestRunner.run(TestRunner.java:624)
	at org.testng.SuiteRunner.runTest(SuiteRunner.java:359)
	at org.testng.SuiteRunner.access$000(SuiteRunner.java:39)
	at org.testng.SuiteRunner$SuiteWorker.run(SuiteRunner.java:393)
	at org.testng.internal.thread.ThreadUtil$2.call(ThreadUtil.java:64)
	at java.util.concurrent.FutureTask.run(FutureTask.java:266)
	at java.util.concurrent.ThreadPoolExecutor.runWorker(ThreadPoolExecutor.java:1142)
	at java.util.concurrent.ThreadPoolExecutor$Worker.run(ThreadPoolExecutor.java:617)
	at java.lang.Thread.run(Thread.java:745)
]]>
            </full-stacktrace>
          </exception> <!-- java.lang.Throwable -->
          <reporter-output>
          </reporter-output>
        </test-method> <!-- verifyTheGeneratePrescriptionReportFunctionality -->
        <test-method status="SKIP" signature="verifyThePrescriptionReportDownloadLink()[pri:18, instance:com.heyprescribe.testcase.PatientAppoitnmentTest@17211155]" name="verifyThePrescriptionReportDownloadLink" duration-ms="0" started-at="2020-10-14T20:19:13Z" depends-on-methods="com.heyprescribe.testcase.PatientAppoitnmentTest.verifyTheGeneratePrescriptionReportFunctionality" finished-at="2020-10-14T20:19:13Z">
          <exception class="java.lang.Throwable">
            <message>
              <![CDATA[Method PatientAppoitnmentTest.verifyThePrescriptionReportDownloadLink()[pri:18, instance:com.heyprescribe.testcase.PatientAppoitnmentTest@17211155] depends on not successfully finished methods]]>
            </message>
            <full-stacktrace>
              <![CDATA[java.lang.Throwable: Method PatientAppoitnmentTest.verifyThePrescriptionReportDownloadLink()[pri:18, instance:com.heyprescribe.testcase.PatientAppoitnmentTest@17211155] depends on not successfully finished methods
	at org.testng.internal.Invoker.invokeTestMethods(Invoker.java:1033)
	at org.testng.internal.TestMethodWorker.invokeTestMethods(TestMethodWorker.java:125)
	at org.testng.internal.TestMethodWorker.run(TestMethodWorker.java:108)
	at org.testng.TestRunner.privateRun(TestRunner.java:774)
	at org.testng.TestRunner.run(TestRunner.java:624)
	at org.testng.SuiteRunner.runTest(SuiteRunner.java:359)
	at org.testng.SuiteRunner.access$000(SuiteRunner.java:39)
	at org.testng.SuiteRunner$SuiteWorker.run(SuiteRunner.java:393)
	at org.testng.internal.thread.ThreadUtil$2.call(ThreadUtil.java:64)
	at java.util.concurrent.FutureTask.run(FutureTask.java:266)
	at java.util.concurrent.ThreadPoolExecutor.runWorker(ThreadPoolExecutor.java:1142)
	at java.util.concurrent.ThreadPoolExecutor$Worker.run(ThreadPoolExecutor.java:617)
	at java.lang.Thread.run(Thread.java:745)
]]>
            </full-stacktrace>
          </exception> <!-- java.lang.Throwable -->
          <reporter-output>
          </reporter-output>
        </test-method> <!-- verifyThePrescriptionReportDownloadLink -->
        <test-method status="SKIP" signature="verifyThePatientDetailOnPdfFile()[pri:19, instance:com.heyprescribe.testcase.PatientAppoitnmentTest@17211155]" name="verifyThePatientDetailOnPdfFile" duration-ms="0" started-at="2020-10-14T20:19:13Z" depends-on-methods="com.heyprescribe.testcase.PatientAppoitnmentTest.verifyThePrescriptionReportDownloadLink" finished-at="2020-10-14T20:19:13Z">
          <exception class="java.lang.Throwable">
            <message>
              <![CDATA[Method PatientAppoitnmentTest.verifyThePatientDetailOnPdfFile()[pri:19, instance:com.heyprescribe.testcase.PatientAppoitnmentTest@17211155] depends on not successfully finished methods]]>
            </message>
            <full-stacktrace>
              <![CDATA[java.lang.Throwable: Method PatientAppoitnmentTest.verifyThePatientDetailOnPdfFile()[pri:19, instance:com.heyprescribe.testcase.PatientAppoitnmentTest@17211155] depends on not successfully finished methods
	at org.testng.internal.Invoker.invokeTestMethods(Invoker.java:1033)
	at org.testng.internal.TestMethodWorker.invokeTestMethods(TestMethodWorker.java:125)
	at org.testng.internal.TestMethodWorker.run(TestMethodWorker.java:108)
	at org.testng.TestRunner.privateRun(TestRunner.java:774)
	at org.testng.TestRunner.run(TestRunner.java:624)
	at org.testng.SuiteRunner.runTest(SuiteRunner.java:359)
	at org.testng.SuiteRunner.access$000(SuiteRunner.java:39)
	at org.testng.SuiteRunner$SuiteWorker.run(SuiteRunner.java:393)
	at org.testng.internal.thread.ThreadUtil$2.call(ThreadUtil.java:64)
	at java.util.concurrent.FutureTask.run(FutureTask.java:266)
	at java.util.concurrent.ThreadPoolExecutor.runWorker(ThreadPoolExecutor.java:1142)
	at java.util.concurrent.ThreadPoolExecutor$Worker.run(ThreadPoolExecutor.java:617)
	at java.lang.Thread.run(Thread.java:745)
]]>
            </full-stacktrace>
          </exception> <!-- java.lang.Throwable -->
          <reporter-output>
          </reporter-output>
        </test-method> <!-- verifyThePatientDetailOnPdfFile -->
        <test-method status="SKIP" signature="verifyThePrescriptionDetailOnPdfFile()[pri:20, instance:com.heyprescribe.testcase.PatientAppoitnmentTest@17211155]" name="verifyThePrescriptionDetailOnPdfFile" duration-ms="0" started-at="2020-10-14T20:19:13Z" depends-on-methods="com.heyprescribe.testcase.PatientAppoitnmentTest.verifyThePatientDetailOnPdfFile" finished-at="2020-10-14T20:19:13Z">
          <exception class="java.lang.Throwable">
            <message>
              <![CDATA[Method PatientAppoitnmentTest.verifyThePrescriptionDetailOnPdfFile()[pri:20, instance:com.heyprescribe.testcase.PatientAppoitnmentTest@17211155] depends on not successfully finished methods]]>
            </message>
            <full-stacktrace>
              <![CDATA[java.lang.Throwable: Method PatientAppoitnmentTest.verifyThePrescriptionDetailOnPdfFile()[pri:20, instance:com.heyprescribe.testcase.PatientAppoitnmentTest@17211155] depends on not successfully finished methods
	at org.testng.internal.Invoker.invokeTestMethods(Invoker.java:1033)
	at org.testng.internal.TestMethodWorker.invokeTestMethods(TestMethodWorker.java:125)
	at org.testng.internal.TestMethodWorker.run(TestMethodWorker.java:108)
	at org.testng.TestRunner.privateRun(TestRunner.java:774)
	at org.testng.TestRunner.run(TestRunner.java:624)
	at org.testng.SuiteRunner.runTest(SuiteRunner.java:359)
	at org.testng.SuiteRunner.access$000(SuiteRunner.java:39)
	at org.testng.SuiteRunner$SuiteWorker.run(SuiteRunner.java:393)
	at org.testng.internal.thread.ThreadUtil$2.call(ThreadUtil.java:64)
	at java.util.concurrent.FutureTask.run(FutureTask.java:266)
	at java.util.concurrent.ThreadPoolExecutor.runWorker(ThreadPoolExecutor.java:1142)
	at java.util.concurrent.ThreadPoolExecutor$Worker.run(ThreadPoolExecutor.java:617)
	at java.lang.Thread.run(Thread.java:745)
]]>
            </full-stacktrace>
          </exception> <!-- java.lang.Throwable -->
          <reporter-output>
          </reporter-output>
        </test-method> <!-- verifyThePrescriptionDetailOnPdfFile -->
        <test-method status="SKIP" signature="verifyTheStatusAfterGeneratingThePrescription()[pri:21, instance:com.heyprescribe.testcase.PatientAppoitnmentTest@17211155]" name="verifyTheStatusAfterGeneratingThePrescription" duration-ms="0" started-at="2020-10-14T20:19:13Z" depends-on-methods="com.heyprescribe.testcase.PatientAppoitnmentTest.verifyThePrescriptionDetailOnPdfFile" finished-at="2020-10-14T20:19:13Z">
          <exception class="java.lang.Throwable">
            <message>
              <![CDATA[Method PatientAppoitnmentTest.verifyTheStatusAfterGeneratingThePrescription()[pri:21, instance:com.heyprescribe.testcase.PatientAppoitnmentTest@17211155] depends on not successfully finished methods]]>
            </message>
            <full-stacktrace>
              <![CDATA[java.lang.Throwable: Method PatientAppoitnmentTest.verifyTheStatusAfterGeneratingThePrescription()[pri:21, instance:com.heyprescribe.testcase.PatientAppoitnmentTest@17211155] depends on not successfully finished methods
	at org.testng.internal.Invoker.invokeTestMethods(Invoker.java:1033)
	at org.testng.internal.TestMethodWorker.invokeTestMethods(TestMethodWorker.java:125)
	at org.testng.internal.TestMethodWorker.run(TestMethodWorker.java:108)
	at org.testng.TestRunner.privateRun(TestRunner.java:774)
	at org.testng.TestRunner.run(TestRunner.java:624)
	at org.testng.SuiteRunner.runTest(SuiteRunner.java:359)
	at org.testng.SuiteRunner.access$000(SuiteRunner.java:39)
	at org.testng.SuiteRunner$SuiteWorker.run(SuiteRunner.java:393)
	at org.testng.internal.thread.ThreadUtil$2.call(ThreadUtil.java:64)
	at java.util.concurrent.FutureTask.run(FutureTask.java:266)
	at java.util.concurrent.ThreadPoolExecutor.runWorker(ThreadPoolExecutor.java:1142)
	at java.util.concurrent.ThreadPoolExecutor$Worker.run(ThreadPoolExecutor.java:617)
	at java.lang.Thread.run(Thread.java:745)
]]>
            </full-stacktrace>
          </exception> <!-- java.lang.Throwable -->
          <reporter-output>
          </reporter-output>
        </test-method> <!-- verifyTheStatusAfterGeneratingThePrescription -->
      </class> <!-- com.heyprescribe.testcase.PatientAppoitnmentTest -->
    </test> <!-- PatientAppoitnment -->
  </suite> <!-- Prescribe -->
</testng-results>
